<?xml version="1.0" encoding="UTF-8"?>
<!-- Generated by org.testng.reporters.JUnitReportReporter -->
<testsuite skipped="3" hostname="LAPTOP-I3V0BKGE" name="tests.UserCRUDOperations" tests="5" failures="0" timestamp="13 Nov 2019 10:19:45 GMT" time="0.845" errors="0">
  <testcase name="createUser" time="0.805" classname="tests.UserCRUDOperations"/>
  <testcase name="getSingleUser" time="0.040" classname="tests.UserCRUDOperations"/>
  <testcase name="getTestSuite" classname="tests.UserCRUDOperations">
    <skipped/>
  </testcase> <!-- getTestSuite -->
  <testcase name="testRunner" classname="tests.UserCRUDOperations">
    <skipped/>
  </testcase> <!-- testRunner -->
  <testcase name="fullControl" classname="tests.UserCRUDOperations">
    <skipped/>
  </testcase> <!-- fullControl -->
</testsuite> <!-- tests.UserCRUDOperations -->
