<?xml version="1.0" encoding="UTF-8"?>
<!-- Generated by org.testng.reporters.JUnitReportReporter -->
<testsuite skipped="0" hostname="LAPTOP-I3V0BKGE" name="tests.GetSingleUser" tests="2" failures="0" timestamp="13 Nov 2019 09:44:11 GMT" time="0.673" errors="0">
  <testcase name="createUser" time="0.654" classname="tests.GetSingleUser"/>
  <testcase name="getSingleUser" time="0.019" classname="tests.GetSingleUser"/>
</testsuite> <!-- tests.GetSingleUser -->
