<?xml version="1.0" encoding="UTF-8"?>
<!-- Generated by org.testng.reporters.JUnitReportReporter -->
<testsuite skipped="0" hostname="LAPTOP-I3V0BKGE" name="sample.SampleTestNGProgram" tests="1" failures="0" timestamp="13 Nov 2019 07:08:06 GMT" time="0.017" errors="0">
  <testcase name="sampleTestMethod" time="0.017" classname="sample.SampleTestNGProgram"/>
</testsuite> <!-- sample.SampleTestNGProgram -->
